{"/Users/yusufyilmz/Projects/react/react-room-manager/src/actions/index.js": {"path":"/Users/yusufyilmz/Projects/react/react-room-manager/src/actions/index.js","statementMap":{},"fnMap":{},"branchMap":{},"s":{},"f":{},"b":{},"_coverageSchema":"43e27e138ebf9cfc5966b082cf9a028302ed4184","hash":"06f3ab226f1ae7298b084188a91fa5956666f553"}
,"/Users/yusufyilmz/Projects/react/react-room-manager/src/actions/room-actions.js": {"path":"/Users/yusufyilmz/Projects/react/react-room-manager/src/actions/room-actions.js","statementMap":{"0":{"start":{"line":6,"column":24},"end":{"line":9,"column":2}},"1":{"start":{"line":6,"column":33},"end":{"line":9,"column":1}},"2":{"start":{"line":11,"column":26},"end":{"line":14,"column":2}},"3":{"start":{"line":11,"column":35},"end":{"line":14,"column":1}},"4":{"start":{"line":16,"column":25},"end":{"line":19,"column":2}},"5":{"start":{"line":16,"column":34},"end":{"line":19,"column":1}},"6":{"start":{"line":22,"column":25},"end":{"line":25,"column":2}},"7":{"start":{"line":22,"column":34},"end":{"line":25,"column":1}},"8":{"start":{"line":28,"column":23},"end":{"line":30,"column":2}},"9":{"start":{"line":28,"column":30},"end":{"line":30,"column":1}},"10":{"start":{"line":33,"column":27},"end":{"line":36,"column":2}},"11":{"start":{"line":33,"column":36},"end":{"line":36,"column":1}},"12":{"start":{"line":39,"column":26},"end":{"line":48,"column":1}},"13":{"start":{"line":39,"column":32},"end":{"line":48,"column":1}},"14":{"start":{"line":40,"column":2},"end":{"line":40,"column":29}},"15":{"start":{"line":41,"column":19},"end":{"line":41,"column":45}},"16":{"start":{"line":43,"column":2},"end":{"line":45,"column":3}},"17":{"start":{"line":44,"column":4},"end":{"line":44,"column":49}},"18":{"start":{"line":47,"column":2},"end":{"line":47,"column":46}},"19":{"start":{"line":51,"column":27},"end":{"line":64,"column":1}},"20":{"start":{"line":51,"column":38},"end":{"line":64,"column":1}},"21":{"start":{"line":52,"column":27},"end":{"line":52,"column":42}},"22":{"start":{"line":53,"column":25},"end":{"line":53,"column":46}},"23":{"start":{"line":56,"column":24},"end":{"line":61,"column":3}},"24":{"start":{"line":57,"column":32},"end":{"line":57,"column":90}},"25":{"start":{"line":58,"column":32},"end":{"line":58,"column":83}},"26":{"start":{"line":59,"column":32},"end":{"line":59,"column":86}},"27":{"start":{"line":60,"column":32},"end":{"line":60,"column":86}},"28":{"start":{"line":63,"column":2},"end":{"line":63,"column":105}},"29":{"start":{"line":63,"column":66},"end":{"line":63,"column":101}},"30":{"start":{"line":67,"column":25},"end":{"line":70,"column":1}},"31":{"start":{"line":67,"column":34},"end":{"line":70,"column":1}},"32":{"start":{"line":68,"column":2},"end":{"line":68,"column":29}},"33":{"start":{"line":69,"column":2},"end":{"line":69,"column":36}},"34":{"start":{"line":72,"column":26},"end":{"line":77,"column":1}},"35":{"start":{"line":72,"column":34},"end":{"line":77,"column":1}},"36":{"start":{"line":73,"column":2},"end":{"line":76,"column":5}},"37":{"start":{"line":80,"column":24},"end":{"line":89,"column":1}},"38":{"start":{"line":80,"column":32},"end":{"line":89,"column":1}},"39":{"start":{"line":81,"column":2},"end":{"line":81,"column":29}},"40":{"start":{"line":82,"column":19},"end":{"line":82,"column":47}},"41":{"start":{"line":83,"column":2},"end":{"line":86,"column":3}},"42":{"start":{"line":84,"column":4},"end":{"line":84,"column":26}},"43":{"start":{"line":85,"column":4},"end":{"line":85,"column":53}},"44":{"start":{"line":88,"column":2},"end":{"line":88,"column":46}}},"fnMap":{"0":{"name":"(anonymous_0)","decl":{"start":{"line":6,"column":24},"end":{"line":6,"column":25}},"loc":{"start":{"line":6,"column":33},"end":{"line":9,"column":1}},"line":6},"1":{"name":"(anonymous_1)","decl":{"start":{"line":11,"column":26},"end":{"line":11,"column":27}},"loc":{"start":{"line":11,"column":35},"end":{"line":14,"column":1}},"line":11},"2":{"name":"(anonymous_2)","decl":{"start":{"line":16,"column":25},"end":{"line":16,"column":26}},"loc":{"start":{"line":16,"column":34},"end":{"line":19,"column":1}},"line":16},"3":{"name":"(anonymous_3)","decl":{"start":{"line":22,"column":25},"end":{"line":22,"column":26}},"loc":{"start":{"line":22,"column":34},"end":{"line":25,"column":1}},"line":22},"4":{"name":"(anonymous_4)","decl":{"start":{"line":28,"column":23},"end":{"line":28,"column":24}},"loc":{"start":{"line":28,"column":30},"end":{"line":30,"column":1}},"line":28},"5":{"name":"(anonymous_5)","decl":{"start":{"line":33,"column":27},"end":{"line":33,"column":28}},"loc":{"start":{"line":33,"column":36},"end":{"line":36,"column":1}},"line":33},"6":{"name":"(anonymous_6)","decl":{"start":{"line":39,"column":26},"end":{"line":39,"column":27}},"loc":{"start":{"line":39,"column":32},"end":{"line":48,"column":1}},"line":39},"7":{"name":"(anonymous_7)","decl":{"start":{"line":39,"column":32},"end":{"line":39,"column":33}},"loc":{"start":{"line":39,"column":52},"end":{"line":48,"column":1}},"line":39},"8":{"name":"(anonymous_8)","decl":{"start":{"line":51,"column":27},"end":{"line":51,"column":28}},"loc":{"start":{"line":51,"column":38},"end":{"line":64,"column":1}},"line":51},"9":{"name":"(anonymous_9)","decl":{"start":{"line":51,"column":38},"end":{"line":51,"column":39}},"loc":{"start":{"line":51,"column":68},"end":{"line":64,"column":1}},"line":51},"10":{"name":"(anonymous_10)","decl":{"start":{"line":57,"column":27},"end":{"line":57,"column":28}},"loc":{"start":{"line":57,"column":32},"end":{"line":57,"column":90}},"line":57},"11":{"name":"(anonymous_11)","decl":{"start":{"line":58,"column":27},"end":{"line":58,"column":28}},"loc":{"start":{"line":58,"column":32},"end":{"line":58,"column":83}},"line":58},"12":{"name":"(anonymous_12)","decl":{"start":{"line":59,"column":27},"end":{"line":59,"column":28}},"loc":{"start":{"line":59,"column":32},"end":{"line":59,"column":86}},"line":59},"13":{"name":"(anonymous_13)","decl":{"start":{"line":60,"column":27},"end":{"line":60,"column":28}},"loc":{"start":{"line":60,"column":32},"end":{"line":60,"column":86}},"line":60},"14":{"name":"(anonymous_14)","decl":{"start":{"line":63,"column":51},"end":{"line":63,"column":52}},"loc":{"start":{"line":63,"column":66},"end":{"line":63,"column":101}},"line":63},"15":{"name":"(anonymous_15)","decl":{"start":{"line":67,"column":25},"end":{"line":67,"column":26}},"loc":{"start":{"line":67,"column":34},"end":{"line":70,"column":1}},"line":67},"16":{"name":"(anonymous_16)","decl":{"start":{"line":67,"column":34},"end":{"line":67,"column":35}},"loc":{"start":{"line":67,"column":54},"end":{"line":70,"column":1}},"line":67},"17":{"name":"(anonymous_17)","decl":{"start":{"line":72,"column":26},"end":{"line":72,"column":27}},"loc":{"start":{"line":72,"column":34},"end":{"line":77,"column":1}},"line":72},"18":{"name":"(anonymous_18)","decl":{"start":{"line":72,"column":34},"end":{"line":72,"column":35}},"loc":{"start":{"line":72,"column":54},"end":{"line":77,"column":1}},"line":72},"19":{"name":"(anonymous_19)","decl":{"start":{"line":80,"column":24},"end":{"line":80,"column":25}},"loc":{"start":{"line":80,"column":32},"end":{"line":89,"column":1}},"line":80},"20":{"name":"(anonymous_20)","decl":{"start":{"line":80,"column":32},"end":{"line":80,"column":33}},"loc":{"start":{"line":80,"column":52},"end":{"line":89,"column":1}},"line":80}},"branchMap":{"0":{"loc":{"start":{"line":43,"column":2},"end":{"line":45,"column":3}},"type":"if","locations":[{"start":{"line":43,"column":2},"end":{"line":45,"column":3}},{"start":{"line":43,"column":2},"end":{"line":45,"column":3}}],"line":43},"1":{"loc":{"start":{"line":43,"column":6},"end":{"line":43,"column":43}},"type":"binary-expr","locations":[{"start":{"line":43,"column":6},"end":{"line":43,"column":19}},{"start":{"line":43,"column":23},"end":{"line":43,"column":43}}],"line":43},"2":{"loc":{"start":{"line":83,"column":2},"end":{"line":86,"column":3}},"type":"if","locations":[{"start":{"line":83,"column":2},"end":{"line":86,"column":3}},{"start":{"line":83,"column":2},"end":{"line":86,"column":3}}],"line":83},"3":{"loc":{"start":{"line":83,"column":6},"end":{"line":83,"column":43}},"type":"binary-expr","locations":[{"start":{"line":83,"column":6},"end":{"line":83,"column":19}},{"start":{"line":83,"column":23},"end":{"line":83,"column":43}}],"line":83}},"s":{"0":2,"1":5,"2":2,"3":0,"4":2,"5":0,"6":2,"7":0,"8":2,"9":5,"10":2,"11":0,"12":2,"13":5,"14":5,"15":5,"16":5,"17":0,"18":5,"19":2,"20":0,"21":0,"22":0,"23":0,"24":0,"25":0,"26":0,"27":0,"28":0,"29":0,"30":2,"31":0,"32":0,"33":0,"34":2,"35":1,"36":1,"37":2,"38":0,"39":0,"40":0,"41":0,"42":0,"43":0,"44":0},"f":{"0":5,"1":0,"2":0,"3":0,"4":5,"5":0,"6":5,"7":5,"8":0,"9":0,"10":0,"11":0,"12":0,"13":0,"14":0,"15":0,"16":0,"17":1,"18":1,"19":0,"20":0},"b":{"0":[0,5],"1":[5,0],"2":[0,0],"3":[0,0]},"_coverageSchema":"43e27e138ebf9cfc5966b082cf9a028302ed4184","hash":"52b04525a559c6364d430e4e12abf474d10a9ee5"}
,"/Users/yusufyilmz/Projects/react/react-room-manager/src/api/roomAPI.js": {"path":"/Users/yusufyilmz/Projects/react/react-room-manager/src/api/roomAPI.js","statementMap":{"0":{"start":{"line":8,"column":4},"end":{"line":17,"column":5}},"1":{"start":{"line":9,"column":18},"end":{"line":9,"column":36}},"2":{"start":{"line":10,"column":6},"end":{"line":10,"column":38}},"3":{"start":{"line":12,"column":6},"end":{"line":14,"column":8}},"4":{"start":{"line":16,"column":6},"end":{"line":16,"column":15}},"5":{"start":{"line":22,"column":4},"end":{"line":31,"column":5}},"6":{"start":{"line":23,"column":18},"end":{"line":23,"column":47}},"7":{"start":{"line":24,"column":6},"end":{"line":24,"column":44}},"8":{"start":{"line":26,"column":6},"end":{"line":28,"column":8}},"9":{"start":{"line":30,"column":6},"end":{"line":30,"column":15}}},"fnMap":{"0":{"name":"(anonymous_0)","decl":{"start":{"line":6,"column":2},"end":{"line":6,"column":3}},"loc":{"start":{"line":6,"column":28},"end":{"line":18,"column":3}},"line":6},"1":{"name":"(anonymous_1)","decl":{"start":{"line":20,"column":2},"end":{"line":20,"column":3}},"loc":{"start":{"line":20,"column":30},"end":{"line":32,"column":3}},"line":20}},"branchMap":{},"s":{"0":5,"1":5,"2":0,"3":0,"4":5,"5":0,"6":0,"7":0,"8":0,"9":0},"f":{"0":5,"1":0},"b":{},"_coverageSchema":"43e27e138ebf9cfc5966b082cf9a028302ed4184","hash":"13790211115c01c6c57bb509bd5c50c823e52cc1"}
,"/Users/yusufyilmz/Projects/react/react-room-manager/src/components/Elements/inputGroup.js": {"path":"/Users/yusufyilmz/Projects/react/react-room-manager/src/components/Elements/inputGroup.js","statementMap":{"0":{"start":{"line":6,"column":26},"end":{"line":20,"column":1}},"1":{"start":{"line":9,"column":2},"end":{"line":19,"column":22}}},"fnMap":{"0":{"name":"(anonymous_0)","decl":{"start":{"line":6,"column":26},"end":{"line":6,"column":27}},"loc":{"start":{"line":9,"column":2},"end":{"line":19,"column":22}},"line":9}},"branchMap":{},"s":{"0":1,"1":5},"f":{"0":5},"b":{},"_coverageSchema":"43e27e138ebf9cfc5966b082cf9a028302ed4184","hash":"cb428c813eca3cafb72b75138eb991b9d75a6797"}
,"/Users/yusufyilmz/Projects/react/react-room-manager/src/components/Elements/style.js": {"path":"/Users/yusufyilmz/Projects/react/react-room-manager/src/components/Elements/style.js","statementMap":{"0":{"start":{"line":8,"column":15},"end":{"line":23,"column":1}},"1":{"start":{"line":26,"column":29},"end":{"line":30,"column":1}},"2":{"start":{"line":27,"column":22},"end":{"line":27,"column":33}},"3":{"start":{"line":32,"column":34},"end":{"line":34,"column":1}},"4":{"start":{"line":37,"column":28},"end":{"line":40,"column":1}},"5":{"start":{"line":42,"column":33},"end":{"line":47,"column":1}},"6":{"start":{"line":49,"column":33},"end":{"line":55,"column":1}},"7":{"start":{"line":58,"column":35},"end":{"line":75,"column":1}},"8":{"start":{"line":77,"column":33},"end":{"line":82,"column":1}},"9":{"start":{"line":84,"column":33},"end":{"line":90,"column":1}},"10":{"start":{"line":93,"column":35},"end":{"line":107,"column":1}}},"fnMap":{"0":{"name":"(anonymous_0)","decl":{"start":{"line":27,"column":13},"end":{"line":27,"column":14}},"loc":{"start":{"line":27,"column":22},"end":{"line":27,"column":33}},"line":27}},"branchMap":{},"s":{"0":1,"1":1,"2":0,"3":1,"4":1,"5":1,"6":1,"7":1,"8":1,"9":1,"10":1},"f":{"0":0},"b":{},"_coverageSchema":"43e27e138ebf9cfc5966b082cf9a028302ed4184","hash":"5f20aabb44e2694d6ffeeb26797e1bc657b4ae80"}
,"/Users/yusufyilmz/Projects/react/react-room-manager/src/components/Error/index.js": {"path":"/Users/yusufyilmz/Projects/react/react-room-manager/src/components/Error/index.js","statementMap":{"0":{"start":{"line":6,"column":18},"end":{"line":11,"column":1}},"1":{"start":{"line":6,"column":38},"end":{"line":11,"column":1}},"2":{"start":{"line":7,"column":2},"end":{"line":10,"column":21}},"3":{"start":{"line":13,"column":21},"end":{"line":13,"column":71}},"4":{"start":{"line":13,"column":49},"end":{"line":13,"column":70}}},"fnMap":{"0":{"name":"(anonymous_0)","decl":{"start":{"line":6,"column":18},"end":{"line":6,"column":19}},"loc":{"start":{"line":6,"column":38},"end":{"line":11,"column":1}},"line":6},"1":{"name":"(anonymous_1)","decl":{"start":{"line":6,"column":38},"end":{"line":6,"column":39}},"loc":{"start":{"line":7,"column":2},"end":{"line":10,"column":21}},"line":7},"2":{"name":"(anonymous_2)","decl":{"start":{"line":13,"column":31},"end":{"line":13,"column":32}},"loc":{"start":{"line":13,"column":49},"end":{"line":13,"column":70}},"line":13}},"branchMap":{"0":{"loc":{"start":{"line":8,"column":5},"end":{"line":8,"column":57}},"type":"binary-expr","locations":[{"start":{"line":8,"column":5},"end":{"line":8,"column":10}},{"start":{"line":8,"column":14},"end":{"line":8,"column":57}}],"line":8}},"s":{"0":1,"1":1,"2":5,"3":1,"4":5},"f":{"0":1,"1":5,"2":5},"b":{"0":[5,0]},"_coverageSchema":"43e27e138ebf9cfc5966b082cf9a028302ed4184","hash":"e171d3730b7c0ecc35c5198f45a0798cf159b849"}
,"/Users/yusufyilmz/Projects/react/react-room-manager/src/components/Error/style.js": {"path":"/Users/yusufyilmz/Projects/react/react-room-manager/src/components/Error/style.js","statementMap":{"0":{"start":{"line":5,"column":28},"end":{"line":8,"column":1}}},"fnMap":{},"branchMap":{},"s":{"0":1},"f":{},"b":{},"_coverageSchema":"43e27e138ebf9cfc5966b082cf9a028302ed4184","hash":"0b2be2b265305a63449f27eac8eb31cd0d17804f"}
,"/Users/yusufyilmz/Projects/react/react-room-manager/src/components/RoomCard/index.js": {"path":"/Users/yusufyilmz/Projects/react/react-room-manager/src/components/RoomCard/index.js","statementMap":{"0":{"start":{"line":7,"column":24},"end":{"line":29,"column":1}},"1":{"start":{"line":8,"column":2},"end":{"line":28,"column":24}},"2":{"start":{"line":8,"column":38},"end":{"line":8,"column":51}}},"fnMap":{"0":{"name":"(anonymous_0)","decl":{"start":{"line":7,"column":24},"end":{"line":7,"column":25}},"loc":{"start":{"line":8,"column":2},"end":{"line":28,"column":24}},"line":8},"1":{"name":"(anonymous_1)","decl":{"start":{"line":8,"column":32},"end":{"line":8,"column":33}},"loc":{"start":{"line":8,"column":38},"end":{"line":8,"column":51}},"line":8}},"branchMap":{},"s":{"0":2,"1":47,"2":0},"f":{"0":47,"1":0},"b":{},"_coverageSchema":"43e27e138ebf9cfc5966b082cf9a028302ed4184","hash":"31a5678fa222f049ac882293632765438521817e"}
,"/Users/yusufyilmz/Projects/react/react-room-manager/src/components/RoomCard/style.js": {"path":"/Users/yusufyilmz/Projects/react/react-room-manager/src/components/RoomCard/style.js","statementMap":{"0":{"start":{"line":5,"column":35},"end":{"line":34,"column":1}},"1":{"start":{"line":36,"column":0},"end":{"line":36,"column":56}},"2":{"start":{"line":38,"column":34},"end":{"line":47,"column":1}},"3":{"start":{"line":49,"column":0},"end":{"line":49,"column":54}},"4":{"start":{"line":51,"column":35},"end":{"line":55,"column":1}},"5":{"start":{"line":57,"column":0},"end":{"line":57,"column":55}},"6":{"start":{"line":60,"column":37},"end":{"line":69,"column":1}},"7":{"start":{"line":72,"column":0},"end":{"line":72,"column":60}},"8":{"start":{"line":74,"column":35},"end":{"line":81,"column":2}},"9":{"start":{"line":83,"column":0},"end":{"line":83,"column":56}}},"fnMap":{},"branchMap":{},"s":{"0":2,"1":2,"2":2,"3":2,"4":2,"5":2,"6":2,"7":2,"8":2,"9":2},"f":{},"b":{},"_coverageSchema":"43e27e138ebf9cfc5966b082cf9a028302ed4184","hash":"5df2abc57cce3da870c15facb8e6e1b481758ce1"}
,"/Users/yusufyilmz/Projects/react/react-room-manager/src/components/RoomFilter/index.js": {"path":"/Users/yusufyilmz/Projects/react/react-room-manager/src/components/RoomFilter/index.js","statementMap":{"0":{"start":{"line":7,"column":26},"end":{"line":17,"column":1}},"1":{"start":{"line":8,"column":2},"end":{"line":16,"column":22}},"2":{"start":{"line":14,"column":21},"end":{"line":14,"column":49}}},"fnMap":{"0":{"name":"(anonymous_0)","decl":{"start":{"line":7,"column":26},"end":{"line":7,"column":27}},"loc":{"start":{"line":8,"column":2},"end":{"line":16,"column":22}},"line":8},"1":{"name":"(anonymous_1)","decl":{"start":{"line":14,"column":16},"end":{"line":14,"column":17}},"loc":{"start":{"line":14,"column":21},"end":{"line":14,"column":49}},"line":14}},"branchMap":{},"s":{"0":1,"1":5,"2":0},"f":{"0":5,"1":0},"b":{},"_coverageSchema":"43e27e138ebf9cfc5966b082cf9a028302ed4184","hash":"ad12fac2831f8d0963dc5228e83d34e6aeaeebf2"}
,"/Users/yusufyilmz/Projects/react/react-room-manager/src/components/RoomFilter/style.js": {"path":"/Users/yusufyilmz/Projects/react/react-room-manager/src/components/RoomFilter/style.js","statementMap":{"0":{"start":{"line":4,"column":33},"end":{"line":7,"column":1}}},"fnMap":{},"branchMap":{},"s":{"0":1},"f":{},"b":{},"_coverageSchema":"43e27e138ebf9cfc5966b082cf9a028302ed4184","hash":"8e527764add0d111a23a6464399c7bcc4265fa41"}
,"/Users/yusufyilmz/Projects/react/react-room-manager/src/components/RoomPage/index.js": {"path":"/Users/yusufyilmz/Projects/react/react-room-manager/src/components/RoomPage/index.js","statementMap":{"0":{"start":{"line":11,"column":24},"end":{"line":41,"column":1}},"1":{"start":{"line":12,"column":2},"end":{"line":40,"column":18}},"2":{"start":{"line":15,"column":8},"end":{"line":37,"column":9}},"3":{"start":{"line":29,"column":16},"end":{"line":33,"column":18}}},"fnMap":{"0":{"name":"(anonymous_0)","decl":{"start":{"line":11,"column":24},"end":{"line":11,"column":25}},"loc":{"start":{"line":12,"column":2},"end":{"line":40,"column":18}},"line":12},"1":{"name":"(anonymous_1)","decl":{"start":{"line":14,"column":6},"end":{"line":14,"column":7}},"loc":{"start":{"line":15,"column":8},"end":{"line":37,"column":9}},"line":15},"2":{"name":"(anonymous_2)","decl":{"start":{"line":28,"column":31},"end":{"line":28,"column":32}},"loc":{"start":{"line":29,"column":16},"end":{"line":33,"column":18}},"line":29}},"branchMap":{"0":{"loc":{"start":{"line":15,"column":8},"end":{"line":37,"column":9}},"type":"binary-expr","locations":[{"start":{"line":15,"column":8},"end":{"line":15,"column":22}},{"start":{"line":15,"column":26},"end":{"line":15,"column":45}},{"start":{"line":16,"column":10},"end":{"line":36,"column":25}}],"line":15}},"s":{"0":1,"1":5,"2":5,"3":40},"f":{"0":5,"1":5,"2":40},"b":{"0":[5,5,5]},"_coverageSchema":"43e27e138ebf9cfc5966b082cf9a028302ed4184","hash":"aff0c0721565e65be02370b52f590094c531fea6"}
,"/Users/yusufyilmz/Projects/react/react-room-manager/src/components/RoomPage/style.js": {"path":"/Users/yusufyilmz/Projects/react/react-room-manager/src/components/RoomPage/style.js","statementMap":{"0":{"start":{"line":4,"column":35},"end":{"line":10,"column":1}},"1":{"start":{"line":12,"column":0},"end":{"line":12,"column":56}},"2":{"start":{"line":14,"column":38},"end":{"line":17,"column":1}}},"fnMap":{},"branchMap":{},"s":{"0":1,"1":1,"2":1},"f":{},"b":{},"_coverageSchema":"43e27e138ebf9cfc5966b082cf9a028302ed4184","hash":"9e06a3f6e6ab85c901f02b158a87caaf33660bb9"}
,"/Users/yusufyilmz/Projects/react/react-room-manager/src/components/RoomSort/index.js": {"path":"/Users/yusufyilmz/Projects/react/react-room-manager/src/components/RoomSort/index.js","statementMap":{"0":{"start":{"line":8,"column":24},"end":{"line":18,"column":1}},"1":{"start":{"line":9,"column":2},"end":{"line":17,"column":20}},"2":{"start":{"line":14,"column":36},"end":{"line":14,"column":61}},"3":{"start":{"line":15,"column":36},"end":{"line":15,"column":62}}},"fnMap":{"0":{"name":"(anonymous_0)","decl":{"start":{"line":8,"column":24},"end":{"line":8,"column":25}},"loc":{"start":{"line":9,"column":2},"end":{"line":17,"column":20}},"line":9},"1":{"name":"(anonymous_1)","decl":{"start":{"line":14,"column":30},"end":{"line":14,"column":31}},"loc":{"start":{"line":14,"column":36},"end":{"line":14,"column":61}},"line":14},"2":{"name":"(anonymous_2)","decl":{"start":{"line":15,"column":30},"end":{"line":15,"column":31}},"loc":{"start":{"line":15,"column":36},"end":{"line":15,"column":62}},"line":15}},"branchMap":{},"s":{"0":1,"1":5,"2":0,"3":0},"f":{"0":5,"1":0,"2":0},"b":{},"_coverageSchema":"43e27e138ebf9cfc5966b082cf9a028302ed4184","hash":"b1d0d145fc88ba6633e5caefa9e5368779e72b53"}
,"/Users/yusufyilmz/Projects/react/react-room-manager/src/components/RoomSort/style.js": {"path":"/Users/yusufyilmz/Projects/react/react-room-manager/src/components/RoomSort/style.js","statementMap":{"0":{"start":{"line":5,"column":31},"end":{"line":8,"column":1}},"1":{"start":{"line":10,"column":37},"end":{"line":13,"column":1}}},"fnMap":{},"branchMap":{},"s":{"0":1,"1":1},"f":{},"b":{},"_coverageSchema":"43e27e138ebf9cfc5966b082cf9a028302ed4184","hash":"8e602ffa3ec50390a55db937a96c171d73a9e5b8"}
,"/Users/yusufyilmz/Projects/react/react-room-manager/src/constants/actionTypes.js": {"path":"/Users/yusufyilmz/Projects/react/react-room-manager/src/constants/actionTypes.js","statementMap":{"0":{"start":{"line":1,"column":35},"end":{"line":1,"column":56}},"1":{"start":{"line":2,"column":37},"end":{"line":2,"column":60}},"2":{"start":{"line":3,"column":33},"end":{"line":3,"column":52}},"3":{"start":{"line":4,"column":27},"end":{"line":4,"column":40}},"4":{"start":{"line":5,"column":35},"end":{"line":5,"column":56}},"5":{"start":{"line":6,"column":33},"end":{"line":6,"column":52}},"6":{"start":{"line":7,"column":36},"end":{"line":7,"column":58}},"7":{"start":{"line":8,"column":34},"end":{"line":8,"column":54}}},"fnMap":{},"branchMap":{},"s":{"0":3,"1":3,"2":3,"3":3,"4":3,"5":3,"6":3,"7":3},"f":{},"b":{},"_coverageSchema":"43e27e138ebf9cfc5966b082cf9a028302ed4184","hash":"0ce58b2cc62d9adfdd8f60f1ec5976a33710678e"}
,"/Users/yusufyilmz/Projects/react/react-room-manager/src/constants/mediaQueries.js": {"path":"/Users/yusufyilmz/Projects/react/react-room-manager/src/constants/mediaQueries.js","statementMap":{"0":{"start":{"line":3,"column":13},"end":{"line":11,"column":1}},"1":{"start":{"line":13,"column":22},"end":{"line":22,"column":1}}},"fnMap":{},"branchMap":{},"s":{"0":2,"1":2},"f":{},"b":{},"_coverageSchema":"43e27e138ebf9cfc5966b082cf9a028302ed4184","hash":"689ebbb4fa7789a29de1d3e835cdab6c9378642a"}
,"/Users/yusufyilmz/Projects/react/react-room-manager/src/containers/roomContainer.js": {"path":"/Users/yusufyilmz/Projects/react/react-room-manager/src/containers/roomContainer.js","statementMap":{"0":{"start":{"line":19,"column":4},"end":{"line":19,"column":28}},"1":{"start":{"line":23,"column":4},"end":{"line":23,"column":32}},"2":{"start":{"line":27,"column":4},"end":{"line":32,"column":7}},"3":{"start":{"line":28,"column":6},"end":{"line":28,"column":67}},"4":{"start":{"line":28,"column":39},"end":{"line":28,"column":67}},"5":{"start":{"line":29,"column":6},"end":{"line":31,"column":14}},"6":{"start":{"line":30,"column":8},"end":{"line":30,"column":37}},"7":{"start":{"line":36,"column":22},"end":{"line":36,"column":32}},"8":{"start":{"line":38,"column":4},"end":{"line":44,"column":5}},"9":{"start":{"line":39,"column":6},"end":{"line":43,"column":7}},"10":{"start":{"line":40,"column":8},"end":{"line":40,"column":109}},"11":{"start":{"line":40,"column":48},"end":{"line":40,"column":107}},"12":{"start":{"line":41,"column":13},"end":{"line":43,"column":7}},"13":{"start":{"line":42,"column":8},"end":{"line":42,"column":109}},"14":{"start":{"line":42,"column":48},"end":{"line":42,"column":107}},"15":{"start":{"line":45,"column":4},"end":{"line":45,"column":38}},"16":{"start":{"line":49,"column":4},"end":{"line":59,"column":6}},"17":{"start":{"line":63,"column":4},"end":{"line":63,"column":58}},"18":{"start":{"line":67,"column":24},"end":{"line":73,"column":2}},"19":{"start":{"line":67,"column":34},"end":{"line":73,"column":1}}},"fnMap":{"0":{"name":"(anonymous_0)","decl":{"start":{"line":18,"column":2},"end":{"line":18,"column":3}},"loc":{"start":{"line":18,"column":22},"end":{"line":20,"column":3}},"line":18},"1":{"name":"(anonymous_1)","decl":{"start":{"line":22,"column":15},"end":{"line":22,"column":16}},"loc":{"start":{"line":22,"column":25},"end":{"line":24,"column":3}},"line":22},"2":{"name":"(anonymous_2)","decl":{"start":{"line":26,"column":23},"end":{"line":26,"column":24}},"loc":{"start":{"line":26,"column":33},"end":{"line":33,"column":3}},"line":26},"3":{"name":"(anonymous_3)","decl":{"start":{"line":27,"column":28},"end":{"line":27,"column":29}},"loc":{"start":{"line":27,"column":34},"end":{"line":32,"column":5}},"line":27},"4":{"name":"(anonymous_4)","decl":{"start":{"line":29,"column":33},"end":{"line":29,"column":34}},"loc":{"start":{"line":29,"column":39},"end":{"line":31,"column":7}},"line":29},"5":{"name":"(anonymous_5)","decl":{"start":{"line":35,"column":14},"end":{"line":35,"column":15}},"loc":{"start":{"line":35,"column":35},"end":{"line":46,"column":3}},"line":35},"6":{"name":"(anonymous_6)","decl":{"start":{"line":40,"column":38},"end":{"line":40,"column":39}},"loc":{"start":{"line":40,"column":48},"end":{"line":40,"column":107}},"line":40},"7":{"name":"(anonymous_7)","decl":{"start":{"line":42,"column":38},"end":{"line":42,"column":39}},"loc":{"start":{"line":42,"column":48},"end":{"line":42,"column":107}},"line":42},"8":{"name":"(anonymous_8)","decl":{"start":{"line":48,"column":2},"end":{"line":48,"column":3}},"loc":{"start":{"line":48,"column":23},"end":{"line":60,"column":3}},"line":48},"9":{"name":"(anonymous_9)","decl":{"start":{"line":62,"column":2},"end":{"line":62,"column":3}},"loc":{"start":{"line":62,"column":11},"end":{"line":64,"column":3}},"line":62},"10":{"name":"(anonymous_10)","decl":{"start":{"line":67,"column":24},"end":{"line":67,"column":25}},"loc":{"start":{"line":67,"column":34},"end":{"line":73,"column":1}},"line":67}},"branchMap":{"0":{"loc":{"start":{"line":28,"column":6},"end":{"line":28,"column":67}},"type":"if","locations":[{"start":{"line":28,"column":6},"end":{"line":28,"column":67}},{"start":{"line":28,"column":6},"end":{"line":28,"column":67}}],"line":28},"1":{"loc":{"start":{"line":38,"column":4},"end":{"line":44,"column":5}},"type":"if","locations":[{"start":{"line":38,"column":4},"end":{"line":44,"column":5}},{"start":{"line":38,"column":4},"end":{"line":44,"column":5}}],"line":38},"2":{"loc":{"start":{"line":39,"column":6},"end":{"line":43,"column":7}},"type":"if","locations":[{"start":{"line":39,"column":6},"end":{"line":43,"column":7}},{"start":{"line":39,"column":6},"end":{"line":43,"column":7}}],"line":39},"3":{"loc":{"start":{"line":41,"column":13},"end":{"line":43,"column":7}},"type":"if","locations":[{"start":{"line":41,"column":13},"end":{"line":43,"column":7}},{"start":{"line":41,"column":13},"end":{"line":43,"column":7}}],"line":41}},"s":{"0":5,"1":0,"2":0,"3":0,"4":0,"5":0,"6":0,"7":0,"8":0,"9":0,"10":0,"11":0,"12":0,"13":0,"14":0,"15":0,"16":5,"17":5,"18":1,"19":5},"f":{"0":5,"1":0,"2":0,"3":0,"4":0,"5":0,"6":0,"7":0,"8":5,"9":5,"10":5},"b":{"0":[0,0],"1":[0,0],"2":[0,0],"3":[0,0]},"_coverageSchema":"43e27e138ebf9cfc5966b082cf9a028302ed4184","hash":"8637e9614edb04060deb8afba44aecbe8a4d46e1"}
,"/Users/yusufyilmz/Projects/react/react-room-manager/src/reducers/room-reducer.js": {"path":"/Users/yusufyilmz/Projects/react/react-room-manager/src/reducers/room-reducer.js","statementMap":{"0":{"start":{"line":5,"column":21},"end":{"line":8,"column":1}},"1":{"start":{"line":11,"column":2},"end":{"line":59,"column":3}},"2":{"start":{"line":13,"column":6},"end":{"line":17,"column":8}},"3":{"start":{"line":19,"column":6},"end":{"line":22,"column":8}},"4":{"start":{"line":24,"column":20},"end":{"line":24,"column":36}},"5":{"start":{"line":26,"column":26},"end":{"line":31,"column":8}},"6":{"start":{"line":27,"column":8},"end":{"line":29,"column":9}},"7":{"start":{"line":28,"column":10},"end":{"line":28,"column":32}},"8":{"start":{"line":30,"column":8},"end":{"line":30,"column":20}},"9":{"start":{"line":33,"column":6},"end":{"line":38,"column":8}},"10":{"start":{"line":41,"column":6},"end":{"line":44,"column":8}},"11":{"start":{"line":47,"column":4},"end":{"line":47,"column":31}},"12":{"start":{"line":48,"column":6},"end":{"line":51,"column":8}},"13":{"start":{"line":53,"column":6},"end":{"line":56,"column":8}},"14":{"start":{"line":58,"column":6},"end":{"line":58,"column":19}}},"fnMap":{"0":{"name":"(anonymous_0)","decl":{"start":{"line":10,"column":15},"end":{"line":10,"column":16}},"loc":{"start":{"line":10,"column":55},"end":{"line":60,"column":1}},"line":10},"1":{"name":"(anonymous_1)","decl":{"start":{"line":26,"column":36},"end":{"line":26,"column":37}},"loc":{"start":{"line":26,"column":46},"end":{"line":31,"column":7}},"line":26}},"branchMap":{"0":{"loc":{"start":{"line":10,"column":25},"end":{"line":10,"column":45}},"type":"default-arg","locations":[{"start":{"line":10,"column":33},"end":{"line":10,"column":45}}],"line":10},"1":{"loc":{"start":{"line":11,"column":2},"end":{"line":59,"column":3}},"type":"switch","locations":[{"start":{"line":12,"column":4},"end":{"line":17,"column":8}},{"start":{"line":18,"column":4},"end":{"line":22,"column":8}},{"start":{"line":23,"column":4},"end":{"line":38,"column":8}},{"start":{"line":40,"column":4},"end":{"line":44,"column":8}},{"start":{"line":46,"column":4},"end":{"line":51,"column":8}},{"start":{"line":52,"column":4},"end":{"line":56,"column":8}},{"start":{"line":57,"column":4},"end":{"line":58,"column":19}}],"line":11},"2":{"loc":{"start":{"line":27,"column":8},"end":{"line":29,"column":9}},"type":"if","locations":[{"start":{"line":27,"column":8},"end":{"line":29,"column":9}},{"start":{"line":27,"column":8},"end":{"line":29,"column":9}}],"line":27}},"s":{"0":1,"1":2,"2":1,"3":0,"4":0,"5":0,"6":0,"7":0,"8":0,"9":0,"10":0,"11":0,"12":0,"13":0,"14":1},"f":{"0":2,"1":0},"b":{"0":[2],"1":[1,0,0,0,0,0,1],"2":[0,0]},"_coverageSchema":"43e27e138ebf9cfc5966b082cf9a028302ed4184","hash":"a8cd1028ae083470cce86f49bbf8a0d74bd4a436"}
}
