TN:
SF:/Users/yusufyilmz/Projects/react/react-room-manager/src/actions/index.js
FNF:0
FNH:0
LF:0
LH:0
BRF:0
BRH:0
end_of_record
TN:
SF:/Users/yusufyilmz/Projects/react/react-room-manager/src/actions/room-actions.js
FN:6,(anonymous_0)
FN:11,(anonymous_1)
FN:16,(anonymous_2)
FN:22,(anonymous_3)
FN:28,(anonymous_4)
FN:33,(anonymous_5)
FN:39,(anonymous_6)
FN:39,(anonymous_7)
FN:51,(anonymous_8)
FN:51,(anonymous_9)
FN:57,(anonymous_10)
FN:58,(anonymous_11)
FN:59,(anonymous_12)
FN:60,(anonymous_13)
FN:63,(anonymous_14)
FN:67,(anonymous_15)
FN:67,(anonymous_16)
FN:72,(anonymous_17)
FN:72,(anonymous_18)
FN:80,(anonymous_19)
FN:80,(anonymous_20)
FNF:21
FNH:6
FNDA:5,(anonymous_0)
FNDA:0,(anonymous_1)
FNDA:0,(anonymous_2)
FNDA:0,(anonymous_3)
FNDA:5,(anonymous_4)
FNDA:0,(anonymous_5)
FNDA:5,(anonymous_6)
FNDA:5,(anonymous_7)
FNDA:0,(anonymous_8)
FNDA:0,(anonymous_9)
FNDA:0,(anonymous_10)
FNDA:0,(anonymous_11)
FNDA:0,(anonymous_12)
FNDA:0,(anonymous_13)
FNDA:0,(anonymous_14)
FNDA:0,(anonymous_15)
FNDA:0,(anonymous_16)
FNDA:1,(anonymous_17)
FNDA:1,(anonymous_18)
FNDA:0,(anonymous_19)
FNDA:0,(anonymous_20)
DA:6,5
DA:11,2
DA:16,2
DA:22,2
DA:28,5
DA:33,2
DA:39,5
DA:40,5
DA:41,5
DA:43,5
DA:44,0
DA:47,5
DA:51,2
DA:52,0
DA:53,0
DA:56,0
DA:57,0
DA:58,0
DA:59,0
DA:60,0
DA:63,0
DA:67,2
DA:68,0
DA:69,0
DA:72,2
DA:73,1
DA:80,2
DA:81,0
DA:82,0
DA:83,0
DA:84,0
DA:85,0
DA:88,0
LF:33
LH:16
BRDA:43,0,0,0
BRDA:43,0,1,5
BRDA:43,1,0,5
BRDA:43,1,1,0
BRDA:83,2,0,0
BRDA:83,2,1,0
BRDA:83,3,0,0
BRDA:83,3,1,0
BRF:8
BRH:2
end_of_record
TN:
SF:/Users/yusufyilmz/Projects/react/react-room-manager/src/api/roomAPI.js
FN:6,(anonymous_0)
FN:20,(anonymous_1)
FNF:2
FNH:1
FNDA:5,(anonymous_0)
FNDA:0,(anonymous_1)
DA:8,5
DA:9,5
DA:10,0
DA:12,0
DA:16,5
DA:22,0
DA:23,0
DA:24,0
DA:26,0
DA:30,0
LF:10
LH:3
BRF:0
BRH:0
end_of_record
TN:
SF:/Users/yusufyilmz/Projects/react/react-room-manager/src/components/Elements/inputGroup.js
FN:6,(anonymous_0)
FNF:1
FNH:1
FNDA:5,(anonymous_0)
DA:6,1
DA:9,5
LF:2
LH:2
BRF:0
BRH:0
end_of_record
TN:
SF:/Users/yusufyilmz/Projects/react/react-room-manager/src/components/Elements/style.js
FN:27,(anonymous_0)
FNF:1
FNH:0
FNDA:0,(anonymous_0)
DA:8,1
DA:26,1
DA:27,0
DA:32,1
DA:37,1
DA:42,1
DA:49,1
DA:58,1
DA:77,1
DA:84,1
DA:93,1
LF:11
LH:10
BRF:0
BRH:0
end_of_record
TN:
SF:/Users/yusufyilmz/Projects/react/react-room-manager/src/components/Error/index.js
FN:6,(anonymous_0)
FN:6,(anonymous_1)
FN:13,(anonymous_2)
FNF:3
FNH:3
FNDA:1,(anonymous_0)
FNDA:5,(anonymous_1)
FNDA:5,(anonymous_2)
DA:6,1
DA:7,5
DA:13,5
LF:3
LH:3
BRDA:8,0,0,5
BRDA:8,0,1,0
BRF:2
BRH:1
end_of_record
TN:
SF:/Users/yusufyilmz/Projects/react/react-room-manager/src/components/Error/style.js
FNF:0
FNH:0
DA:5,1
LF:1
LH:1
BRF:0
BRH:0
end_of_record
TN:
SF:/Users/yusufyilmz/Projects/react/react-room-manager/src/components/RoomCard/index.js
FN:7,(anonymous_0)
FN:8,(anonymous_1)
FNF:2
FNH:1
FNDA:47,(anonymous_0)
FNDA:0,(anonymous_1)
DA:7,2
DA:8,47
LF:2
LH:2
BRF:0
BRH:0
end_of_record
TN:
SF:/Users/yusufyilmz/Projects/react/react-room-manager/src/components/RoomCard/style.js
FNF:0
FNH:0
DA:5,2
DA:36,2
DA:38,2
DA:49,2
DA:51,2
DA:57,2
DA:60,2
DA:72,2
DA:74,2
DA:83,2
LF:10
LH:10
BRF:0
BRH:0
end_of_record
TN:
SF:/Users/yusufyilmz/Projects/react/react-room-manager/src/components/RoomFilter/index.js
FN:7,(anonymous_0)
FN:14,(anonymous_1)
FNF:2
FNH:1
FNDA:5,(anonymous_0)
FNDA:0,(anonymous_1)
DA:7,1
DA:8,5
DA:14,0
LF:3
LH:2
BRF:0
BRH:0
end_of_record
TN:
SF:/Users/yusufyilmz/Projects/react/react-room-manager/src/components/RoomFilter/style.js
FNF:0
FNH:0
DA:4,1
LF:1
LH:1
BRF:0
BRH:0
end_of_record
TN:
SF:/Users/yusufyilmz/Projects/react/react-room-manager/src/components/RoomPage/index.js
FN:11,(anonymous_0)
FN:14,(anonymous_1)
FN:28,(anonymous_2)
FNF:3
FNH:3
FNDA:5,(anonymous_0)
FNDA:5,(anonymous_1)
FNDA:40,(anonymous_2)
DA:11,1
DA:12,5
DA:15,5
DA:29,40
LF:4
LH:4
BRDA:15,0,0,5
BRDA:15,0,1,5
BRDA:15,0,2,5
BRF:3
BRH:3
end_of_record
TN:
SF:/Users/yusufyilmz/Projects/react/react-room-manager/src/components/RoomPage/style.js
FNF:0
FNH:0
DA:4,1
DA:12,1
DA:14,1
LF:3
LH:3
BRF:0
BRH:0
end_of_record
TN:
SF:/Users/yusufyilmz/Projects/react/react-room-manager/src/components/RoomSort/index.js
FN:8,(anonymous_0)
FN:14,(anonymous_1)
FN:15,(anonymous_2)
FNF:3
FNH:1
FNDA:5,(anonymous_0)
FNDA:0,(anonymous_1)
FNDA:0,(anonymous_2)
DA:8,1
DA:9,5
DA:14,0
DA:15,0
LF:4
LH:2
BRF:0
BRH:0
end_of_record
TN:
SF:/Users/yusufyilmz/Projects/react/react-room-manager/src/components/RoomSort/style.js
FNF:0
FNH:0
DA:5,1
DA:10,1
LF:2
LH:2
BRF:0
BRH:0
end_of_record
TN:
SF:/Users/yusufyilmz/Projects/react/react-room-manager/src/constants/actionTypes.js
FNF:0
FNH:0
DA:1,3
DA:2,3
DA:3,3
DA:4,3
DA:5,3
DA:6,3
DA:7,3
DA:8,3
LF:8
LH:8
BRF:0
BRH:0
end_of_record
TN:
SF:/Users/yusufyilmz/Projects/react/react-room-manager/src/constants/mediaQueries.js
FNF:0
FNH:0
DA:3,2
DA:13,2
LF:2
LH:2
BRF:0
BRH:0
end_of_record
TN:
SF:/Users/yusufyilmz/Projects/react/react-room-manager/src/containers/roomContainer.js
FN:18,(anonymous_0)
FN:22,(anonymous_1)
FN:26,(anonymous_2)
FN:27,(anonymous_3)
FN:29,(anonymous_4)
FN:35,(anonymous_5)
FN:40,(anonymous_6)
FN:42,(anonymous_7)
FN:48,(anonymous_8)
FN:62,(anonymous_9)
FN:67,(anonymous_10)
FNF:11
FNH:4
FNDA:5,(anonymous_0)
FNDA:0,(anonymous_1)
FNDA:0,(anonymous_2)
FNDA:0,(anonymous_3)
FNDA:0,(anonymous_4)
FNDA:0,(anonymous_5)
FNDA:0,(anonymous_6)
FNDA:0,(anonymous_7)
FNDA:5,(anonymous_8)
FNDA:5,(anonymous_9)
FNDA:5,(anonymous_10)
DA:19,5
DA:23,0
DA:27,0
DA:28,0
DA:29,0
DA:30,0
DA:36,0
DA:38,0
DA:39,0
DA:40,0
DA:41,0
DA:42,0
DA:45,0
DA:49,5
DA:63,5
DA:67,5
LF:16
LH:4
BRDA:28,0,0,0
BRDA:28,0,1,0
BRDA:38,1,0,0
BRDA:38,1,1,0
BRDA:39,2,0,0
BRDA:39,2,1,0
BRDA:41,3,0,0
BRDA:41,3,1,0
BRF:8
BRH:0
end_of_record
TN:
SF:/Users/yusufyilmz/Projects/react/react-room-manager/src/reducers/room-reducer.js
FN:10,(anonymous_0)
FN:26,(anonymous_1)
FNF:2
FNH:1
FNDA:2,(anonymous_0)
FNDA:0,(anonymous_1)
DA:5,1
DA:11,2
DA:13,1
DA:19,0
DA:24,0
DA:26,0
DA:27,0
DA:28,0
DA:30,0
DA:33,0
DA:41,0
DA:47,0
DA:48,0
DA:53,0
DA:58,1
LF:15
LH:4
BRDA:10,0,0,2
BRDA:11,1,0,1
BRDA:11,1,1,0
BRDA:11,1,2,0
BRDA:11,1,3,0
BRDA:11,1,4,0
BRDA:11,1,5,0
BRDA:11,1,6,1
BRDA:27,2,0,0
BRDA:27,2,1,0
BRF:10
BRH:3
end_of_record
